<?xml version="1.0" encoding="UTF-8"?>
<!-- Generated by org.testng.reporters.JUnitXMLReporter -->
<testsuite hostname="HYDWS014" ignored="0" name="TC001_VerifyLoginwithValidCredentials" tests="2" failures="0" timestamp="26 Apr 2018 14:20:31 GMT" time="19.98" errors="0">
  <testcase name="verifyLoginwithInvalidCredentials" time="4.05" classname="com.test.automation.uiAutomation.LoginPage.TC001_VerifyLoginwithValidCredentials"/>
  <testcase name="verifyFinancialsMenu" time="3.419" classname="com.test.automation.uiAutomation.LoginPage.TC001_VerifyLoginwithValidCredentials"/>
</testsuite> <!-- TC001_VerifyLoginwithValidCredentials -->
